<?xml version="1.0" encoding="UTF-8"?>
<!-- Generated by org.testng.reporters.JUnitXMLReporter -->
<testsuite hostname="DESKTOP-6KC2DDV" ignored="0" name="BankingApp Test(failed)" tests="2" failures="0" timestamp="2022-02-25T13:26:27 IST" time="35.994" errors="0">
  <testcase name="addNewCustomer" time="16.208" classname="com.inetbanking.testcases.TC_AddCustomerTest_003"/>
  <testcase name="LoginTest" time="1.825" classname="com.inetbanking.testcases.TC_LoginTest_001"/>
</testsuite> <!-- BankingApp Test(failed) -->
